# JRE version: OpenJDK Runtime Environment (11.0.13) (build 11.0.13+0-b1751.21-8125866)
# Java VM: OpenJDK 64-Bit Server VM (11.0.13+0-b1751.21-8125866, mixed mode, tiered, compressed oops, g1 gc, windows-amd64)
Heap:
 garbage-first heap   total 196608K, used 73270K [0x0000000740a00000, 0x0000000800000000)
  region size 1024K, 52 young (53248K), 3 survivors (3072K)
 Metaspace       used 46213K, capacity 46747K, committed 46928K, reserved 1091584K
  class space    used 5461K, capacity 5675K, committed 5760K, reserved 1048576K
GC Heap History (8 events):
Event: 0.310 GC heap before
{Heap before GC invocations=0 (full 0):
 garbage-first heap   total 196608K, used 18432K [0x0000000740a00000, 0x0000000800000000)
  region size 1024K, 14 young (14336K), 0 survivors (0K)
 Metaspace       used 9726K, capacity 9839K, committed 10112K, reserved 1058816K
  class space    used 812K, capacity 852K, committed 896K, reserved 1048576K
}
Event: 0.312 GC heap after
{Heap after GC invocations=1 (full 0):
 garbage-first heap   total 196608K, used 6259K [0x0000000740a00000, 0x0000000800000000)
  region size 1024K, 2 young (2048K), 2 survivors (2048K)
 Metaspace       used 9726K, capacity 9839K, committed 10112K, reserved 1058816K
  class space    used 812K, capacity 852K, committed 896K, reserved 1048576K
}
Event: 0.975 GC heap before
{Heap before GC invocations=1 (full 0):
 garbage-first heap   total 196608K, used 54387K [0x0000000740a00000, 0x0000000800000000)
  region size 1024K, 50 young (51200K), 2 survivors (2048K)
 Metaspace       used 20984K, capacity 21188K, committed 21248K, reserved 1069056K
  class space    used 2218K, capacity 2303K, committed 2304K, reserved 1048576K
}
Event: 0.985 GC heap after
{Heap after GC invocations=2 (full 0):
 garbage-first heap   total 196608K, used 11060K [0x0000000740a00000, 0x0000000800000000)
  region size 1024K, 7 young (7168K), 7 survivors (7168K)
 Metaspace       used 20984K, capacity 21188K, committed 21248K, reserved 1069056K
  class space    used 2218K, capacity 2303K, committed 2304K, reserved 1048576K
}
Event: 1.718 GC heap before
{Heap before GC invocations=3 (full 0):
 garbage-first heap   total 196608K, used 67380K [0x0000000740a00000, 0x0000000800000000)
  region size 1024K, 56 young (57344K), 7 survivors (7168K)
 Metaspace       used 32483K, capacity 32871K, committed 32892K, reserved 1077248K
  class space    used 4030K, capacity 4210K, committed 4224K, reserved 1048576K
}
Event: 1.731 GC heap after
{Heap after GC invocations=4 (full 0):
 garbage-first heap   total 196608K, used 23651K [0x0000000740a00000, 0x0000000800000000)
  region size 1024K, 7 young (7168K), 7 survivors (7168K)
 Metaspace       used 32483K, capacity 32871K, committed 32892K, reserved 1077248K
  class space    used 4030K, capacity 4210K, committed 4224K, reserved 1048576K
}
Event: 1.945 GC heap before
{Heap before GC invocations=4 (full 0):
 garbage-first heap   total 196608K, used 39011K [0x0000000740a00000, 0x0000000800000000)
  region size 1024K, 23 young (23552K), 7 survivors (7168K)
 Metaspace       used 35557K, capacity 35954K, committed 36048K, reserved 1081344K
  class space    used 4358K, capacity 4534K, committed 4608K, reserved 1048576K
}
Event: 1.954 GC heap after
{Heap after GC invocations=5 (full 0):
 garbage-first heap   total 196608K, used 24118K [0x0000000740a00000, 0x0000000800000000)
  region size 1024K, 3 young (3072K), 3 survivors (3072K)
 Metaspace       used 35557K, capacity 35954K, committed 36048K, reserved 1081344K
  class space    used 4358K, capacity 4534K, committed 4608K, reserved 1048576K
}

