# JRE version: OpenJDK Runtime Environment (11.0.13) (build 11.0.13+0-b1751.21-8125866)
# Java VM: OpenJDK 64-Bit Server VM (11.0.13+0-b1751.21-8125866, mixed mode, tiered, compressed oops, g1 gc, windows-amd64)
Heap:
 garbage-first heap   total 196608K, used 77007K [0x0000000080000000, 0x0000000100000000)
  region size 1024K, 61 young (62464K), 14 survivors (14336K)
 Metaspace       used 48018K, capacity 49209K, committed 49532K, reserved 1091584K
  class space    used 6068K, capacity 6508K, committed 6604K, reserved 1048576K
GC Heap History (16 events):
Event: 0.384 GC heap before
{Heap before GC invocations=0 (full 0):
 garbage-first heap   total 196608K, used 16384K [0x0000000080000000, 0x0000000100000000)
  region size 1024K, 14 young (14336K), 0 survivors (0K)
 Metaspace       used 6736K, capacity 6925K, committed 7168K, reserved 1056768K
  class space    used 572K, capacity 650K, committed 768K, reserved 1048576K
}
Event: 0.387 GC heap after
{Heap after GC invocations=1 (full 0):
 garbage-first heap   total 196608K, used 4102K [0x0000000080000000, 0x0000000100000000)
  region size 1024K, 2 young (2048K), 2 survivors (2048K)
 Metaspace       used 6736K, capacity 6925K, committed 7168K, reserved 1056768K
  class space    used 572K, capacity 650K, committed 768K, reserved 1048576K
}
Event: 0.919 GC heap before
{Heap before GC invocations=1 (full 0):
 garbage-first heap   total 196608K, used 19462K [0x0000000080000000, 0x0000000100000000)
  region size 1024K, 14 young (14336K), 2 survivors (2048K)
 Metaspace       used 9899K, capacity 10118K, committed 10368K, reserved 1058816K
  class space    used 1011K, capacity 1102K, committed 1152K, reserved 1048576K
}
Event: 0.922 GC heap after
{Heap after GC invocations=2 (full 0):
 garbage-first heap   total 196608K, used 9390K [0x0000000080000000, 0x0000000100000000)
  region size 1024K, 2 young (2048K), 2 survivors (2048K)
 Metaspace       used 9899K, capacity 10118K, committed 10368K, reserved 1058816K
  class space    used 1011K, capacity 1102K, committed 1152K, reserved 1048576K
}
Event: 1.611 GC heap before
{Heap before GC invocations=2 (full 0):
 garbage-first heap   total 196608K, used 41134K [0x0000000080000000, 0x0000000100000000)
  region size 1024K, 32 young (32768K), 2 survivors (2048K)
 Metaspace       used 10883K, capacity 11073K, committed 11264K, reserved 1058816K
  class space    used 1112K, capacity 1207K, committed 1280K, reserved 1048576K
}
Event: 1.614 GC heap after
{Heap after GC invocations=3 (full 0):
 garbage-first heap   total 196608K, used 12625K [0x0000000080000000, 0x0000000100000000)
  region size 1024K, 4 young (4096K), 4 survivors (4096K)
 Metaspace       used 10883K, capacity 11073K, committed 11264K, reserved 1058816K
  class space    used 1112K, capacity 1207K, committed 1280K, reserved 1048576K
}
Event: 2.958 GC heap before
{Heap before GC invocations=3 (full 0):
 garbage-first heap   total 196608K, used 55633K [0x0000000080000000, 0x0000000100000000)
  region size 1024K, 47 young (48128K), 4 survivors (4096K)
 Metaspace       used 17691K, capacity 18067K, committed 18432K, reserved 1064960K
  class space    used 2054K, capacity 2177K, committed 2304K, reserved 1048576K
}
Event: 2.965 GC heap after
{Heap after GC invocations=4 (full 0):
 garbage-first heap   total 196608K, used 16179K [0x0000000080000000, 0x0000000100000000)
  region size 1024K, 6 young (6144K), 6 survivors (6144K)
 Metaspace       used 17691K, capacity 18067K, committed 18432K, reserved 1064960K
  class space    used 2054K, capacity 2177K, committed 2304K, reserved 1048576K
}
Event: 3.232 GC heap before
{Heap before GC invocations=4 (full 0):
 garbage-first heap   total 196608K, used 44851K [0x0000000080000000, 0x0000000100000000)
  region size 1024K, 35 young (35840K), 6 survivors (6144K)
 Metaspace       used 20779K, capacity 21185K, committed 21296K, reserved 1069056K
  class space    used 2518K, capacity 2684K, committed 2688K, reserved 1048576K
}
Event: 3.238 GC heap after
{Heap after GC invocations=5 (full 0):
 garbage-first heap   total 196608K, used 17357K [0x0000000080000000, 0x0000000100000000)
  region size 1024K, 8 young (8192K), 8 survivors (8192K)
 Metaspace       used 20779K, capacity 21185K, committed 21296K, reserved 1069056K
  class space    used 2518K, capacity 2684K, committed 2688K, reserved 1048576K
}
Event: 4.282 GC heap before
{Heap before GC invocations=6 (full 0):
 garbage-first heap   total 196608K, used 80845K [0x0000000080000000, 0x0000000100000000)
  region size 1024K, 70 young (71680K), 8 survivors (8192K)
 Metaspace       used 27103K, capacity 27693K, committed 27772K, reserved 1073152K
  class space    used 3510K, capacity 3736K, committed 3788K, reserved 1048576K
}
Event: 4.291 GC heap after
{Heap after GC invocations=7 (full 0):
 garbage-first heap   total 196608K, used 19669K [0x0000000080000000, 0x0000000100000000)
  region size 1024K, 4 young (4096K), 4 survivors (4096K)
 Metaspace       used 27103K, capacity 27693K, committed 27772K, reserved 1073152K
  class space    used 3510K, capacity 3736K, committed 3788K, reserved 1048576K
}
Event: 5.258 GC heap before
{Heap before GC invocations=7 (full 0):
 garbage-first heap   total 196608K, used 70869K [0x0000000080000000, 0x0000000100000000)
  region size 1024K, 55 young (56320K), 4 survivors (4096K)
 Metaspace       used 35144K, capacity 35918K, committed 35964K, reserved 1081344K
  class space    used 4501K, capacity 4799K, committed 4812K, reserved 1048576K
}
Event: 5.266 GC heap after
{Heap after GC invocations=8 (full 0):
 garbage-first heap   total 196608K, used 22600K [0x0000000080000000, 0x0000000100000000)
  region size 1024K, 7 young (7168K), 7 survivors (7168K)
 Metaspace       used 35144K, capacity 35918K, committed 35964K, reserved 1081344K
  class space    used 4501K, capacity 4799K, committed 4812K, reserved 1048576K
}
Event: 6.557 GC heap before
{Heap before GC invocations=9 (full 0):
 garbage-first heap   total 196608K, used 136264K [0x0000000080000000, 0x0000000100000000)
  region size 1024K, 115 young (117760K), 7 survivors (7168K)
 Metaspace       used 44613K, capacity 45675K, committed 45948K, reserved 1089536K
  class space    used 5628K, capacity 6031K, committed 6092K, reserved 1048576K
}
Event: 6.571 GC heap after
{Heap after GC invocations=10 (full 0):
 garbage-first heap   total 196608K, used 29903K [0x0000000080000000, 0x0000000100000000)
  region size 1024K, 14 young (14336K), 14 survivors (14336K)
 Metaspace       used 44613K, capacity 45675K, committed 45948K, reserved 1089536K
  class space    used 5628K, capacity 6031K, committed 6092K, reserved 1048576K
}

